--- Copying files at Fri Feb  1 13:37:33 UTC 2019
INSTALLED init.groovy.d/tcp-slave-agent-port.groovy
INSTALLED plugins/antisamy-markup-formatter.jpi : 1.5
INSTALLED plugins/blueocean-bitbucket-pipeline.jpi : 1.10.2
INSTALLED plugins/blueocean-display-url.jpi : 2.2.0
INSTALLED plugins/cloudbees-bitbucket-branch-source.jpi : 2.4.1
INSTALLED plugins/jira.jpi : 3.0.5
INSTALLED plugins/sse-gateway.jpi : 1.17
INSTALLED plugins/pipeline-build-step.jpi : 2.7
INSTALLED plugins/variant.jpi : 1.1
INSTALLED plugins/favorite.jpi : 2.3.2
INSTALLED plugins/pipeline-model-extensions.jpi : 1.3.4.1
INSTALLED plugins/workflow-multibranch.jpi : 2.20
INSTALLED plugins/blueocean-config.jpi : 1.10.2
INSTALLED plugins/blueocean-jira.jpi : 1.10.2
INSTALLED plugins/pipeline-milestone-step.jpi : 1.3.1
INSTALLED plugins/workflow-durable-task-step.jpi : 2.29
INSTALLED plugins/pipeline-model-definition.jpi : 1.3.4.1
INSTALLED plugins/blueocean-pipeline-api-impl.jpi : 1.10.2
INSTALLED plugins/blueocean-rest-impl.jpi : 1.10.2
INSTALLED plugins/pipeline-input-step.jpi : 2.9
INSTALLED plugins/blueocean-autofavorite.jpi : 1.2.3
INSTALLED plugins/workflow-cps-global-lib.jpi : 2.12
INSTALLED plugins/blueocean-web.jpi : 1.10.2
INSTALLED plugins/blueocean-events.jpi : 1.10.2
INSTALLED plugins/workflow-basic-steps.jpi : 2.14
INSTALLED plugins/blueocean-pipeline-scm-api.jpi : 1.10.2
INSTALLED plugins/blueocean-pipeline-editor.jpi : 1.10.2
INSTALLED plugins/branch-api.jpi : 2.1.2
INSTALLED plugins/blueocean.jpi : 1.10.2
INSTALLED plugins/pipeline-stage-tags-metadata.jpi : 1.3.4.1
INSTALLED plugins/durable-task.jpi : 1.29
INSTALLED plugins/pubsub-light.jpi : 1.12
INSTALLED plugins/pipeline-stage-step.jpi : 2.3
INSTALLED plugins/blueocean-personalization.jpi : 1.10.2
INSTALLED plugins/handy-uri-templates-2-api.jpi : 2.1.6-1.0
INSTALLED plugins/jenkins-design-language.jpi : 1.10.2
INSTALLED plugins/docker-workflow.jpi : 1.17
INSTALLED plugins/mercurial.jpi : 2.5
INSTALLED plugins/pipeline-model-api.jpi : 1.3.4.1
INSTALLED plugins/blueocean-dashboard.jpi : 1.10.2
INSTALLED plugins/blueocean-jwt.jpi : 1.10.2
INSTALLED plugins/blueocean-core-js.jpi : 1.10.2
INSTALLED plugins/pipeline-model-declarative-agent.jpi : 1.1.1
INSTALLED plugins/blueocean-git-pipeline.jpi : 1.10.2
INSTALLED plugins/pipeline-graph-analysis.jpi : 1.9
INSTALLED plugins/blueocean-i18n.jpi : 1.10.2
INSTALLED plugins/git-server.jpi : 1.7
INSTALLED plugins/htmlpublisher.jpi : 1.18
INSTALLED plugins/blueocean-github-pipeline.jpi : 1.10.2
